<?xml version="1.0" encoding="UTF-8"?>
<!-- Generated by org.testng.reporters.JUnitXMLReporter -->
<testsuite ignored="0" hostname="BLR135CD0213XHK" failures="0" tests="14" name="Default test" time="294.358" errors="0" timestamp="2023-11-24T19:00:00 IST">
  <testcase classname="testsScenario.AmazonTest" name="verifySignup" time="3.614"/>
  <testcase classname="testsScenario.AmazonTest" name="verifyemail" time="0.298"/>
  <testcase classname="testsScenario.AmazonTest" name="verifycontinue" time="2.208"/>
  <testcase classname="testsScenario.AmazonTest" name="passwordFillField" time="0.26"/>
  <testcase classname="testsScenario.AmazonTest" name="signInClick" time="6.581"/>
  <testcase classname="testsScenario.AmazonTest" name="searchproduct" time="3.682"/>
  <testcase classname="testsScenario.AmazonTest" name="item" time="8.857"/>
  <testcase classname="testsScenario.AmazonTest" name="addToCartTest" time="2.911"/>
  <testcase classname="testsScenario.AmazonTest" name="simpleClickTest" time="10.402"/>
  <testcase classname="testsScenario.AmazonTest" name="addToCartButtonTest" time="13.577"/>
  <testcase classname="testsScenario.AmazonTest" name="proceedToCheckOutTest" time="21.286"/>
  <testcase classname="testsScenario.AmazonTest" name="useThisAddressTest" time="140.42"/>
  <testcase classname="testsScenario.AmazonTest" name="returnToOrderTest" time="29.397"/>
  <testcase classname="testsScenario.AmazonTest" name="invoiceForTheProductTest" time="19.746"/>
</testsuite> <!-- Default test -->
